;  LST file generated by mikroListExporter - v.2.0 
; Date/Time: 03/08/2021 18:04:32
;----------------------------------------------

;Address Opcode 	ASM
0x0000	0x2811      	GOTO       17
_reg_config:
;EEPROM_PIC12F675.c,20 :: 		void reg_config()
;EEPROM_PIC12F675.c,23 :: 		OPTION_REG.NOT_GPPU = 0x01;                                                   // PULL-UPS INTERNOS DESABILITADOS
0x0003	0x1683      	BSF        STATUS, 5
0x0004	0x1781      	BSF        OPTION_REG, 7
;EEPROM_PIC12F675.c,26 :: 		EECON1.WREN = 0x00;                                                           // Inibe inicialmente escritas na EEPROM
0x0005	0x111C      	BCF        EECON1, 2
;EEPROM_PIC12F675.c,29 :: 		CMCON = 0x07;                                                                 // Desabilita comparadores internos
0x0006	0x3007      	MOVLW      7
0x0007	0x1283      	BCF        STATUS, 5
0x0008	0x0099      	MOVWF      CMCON
;EEPROM_PIC12F675.c,32 :: 		ANSEL = 0x00;                                                                 // Configura todos GPIO's como Digital I/O
0x0009	0x1683      	BSF        STATUS, 5
0x000A	0x019F      	CLRF       ANSEL
;EEPROM_PIC12F675.c,35 :: 		TRISIO.TRISIO0 = 0x00;                                                        // Configura GPIO 0 como saída digital
0x000B	0x1005      	BCF        TRISIO, 0
;EEPROM_PIC12F675.c,36 :: 		TRISIO.TRISIO1 = 0x00;                                                        // Configura GPIO 1 como saída digital
0x000C	0x1085      	BCF        TRISIO, 1
;EEPROM_PIC12F675.c,39 :: 		GPIO.F0 = 0x00;                                                               // Inicia GPIO 0 como LOW
0x000D	0x1283      	BCF        STATUS, 5
0x000E	0x1005      	BCF        GPIO, 0
;EEPROM_PIC12F675.c,40 :: 		GPIO.F1 = 0x00;                                                               // Inicia GPIO 1 como LOW
0x000F	0x1085      	BCF        GPIO, 1
;EEPROM_PIC12F675.c,41 :: 		}
L_end_reg_config:
0x0010	0x0008      	RETURN
; end of _reg_config
_main:
;EEPROM_PIC12F675.c,8 :: 		void main()
;EEPROM_PIC12F675.c,11 :: 		reg_config();
0x0011	0x2003      	CALL       _reg_config
;EEPROM_PIC12F675.c,12 :: 		while (1)
L_main8:
;EEPROM_PIC12F675.c,15 :: 		}
0x0012	0x2812      	GOTO       L_main8
;EEPROM_PIC12F675.c,16 :: 		}
L_end_main:
0x0013	0x2813      	GOTO       $+0
; end of _main
Symbol List:
//** Routines locations **
//ADDRESS    SIZE    PROCEDURE
//----------------------------------------------
0x0003      [14]    _reg_config
0x0011       [3]    _main
//** Variables locations ** 
//ADDRESS    SIZE    VARIABLE
//----------------------------------------------
0x0000       [1]    INDF
0x0003       [1]    STATUS
0x0004       [1]    FSR
0x0005       [1]    GPIO
0x000A       [1]    PCLATH
0x0019       [1]    CMCON
0x0020       [2]    ___DoICPAddr
0x0050       [1]    R0
0x0051       [1]    R1
0x0052       [1]    R2
0x0053       [1]    R3
0x0054       [1]    R4
0x0055       [1]    R5
0x0056       [1]    R6
0x0057       [1]    R7
0x0058       [1]    R8
0x0059       [1]    R9
0x005A       [1]    R10
0x005B       [1]    R11
0x005C       [1]    R12
0x005D       [1]    R13
0x005E       [1]    R14
0x005F       [1]    R15
0x0081       [1]    OPTION_REG
0x0085       [1]    TRISIO
0x009C       [1]    EECON1
0x009F       [1]    ANSEL
